Detected:
-------------------------------------
Edge Browser
Brave
Discord

Programs_path_names:
-------------------------------------
Edge: Edge Browser
Brave: Brave
Chrome: Chrome Browser
Opera GX Stable: Opera GX
Opera Stable: Opera
discord: Discord
Spotify: Spotify
SpotifyAB.SpotifyMusic_zpdnekdrzrea0: Spotify-App

Detected_Folders:
-------------------------------------
Edge Browser: 6
Brave: 74
Discord: 3

Detected_Profiles:
-------------------------------------
Edge Browser: 0
Brave: 13
Discord: 0
