Program: Edge Browser - Folders: 6 - Profiles: 0
--------------------------------------------------
C:\Users\moher\AppData\Local\Microsoft\Edge\User Data\Default\Cache
C:\Users\moher\AppData\Local\Microsoft\Edge\User Data\Default\File System
C:\Users\moher\AppData\Local\Microsoft\Edge\User Data\Default\IndexedDB
C:\Users\moher\AppData\Local\Microsoft\Edge\User Data\Default\Code Cache
C:\Users\moher\AppData\Local\Microsoft\Edge\User Data\Default\Service Worker
C:\Users\moher\AppData\Local\Microsoft\Edge\User Data\Default\blob_storage


Program: Brave Browser - Folders: 74 - Profiles: 13
--------------------------------------------------
C:\Users\moher\AppData\Local\BraveSoftware\Brave-Browser\User Data\Profile 1\Cache
C:\Users\moher\AppData\Local\BraveSoftware\Brave-Browser\User Data\Profile 1\File System
C:\Users\moher\AppData\Local\BraveSoftware\Brave-Browser\User Data\Profile 1\IndexedDB
C:\Users\moher\AppData\Local\BraveSoftware\Brave-Browser\User Data\Profile 1\Code Cache
C:\Users\moher\AppData\Local\BraveSoftware\Brave-Browser\User Data\Profile 1\Service Worker
C:\Users\moher\AppData\Local\BraveSoftware\Brave-Browser\User Data\Profile 1\blob_storage
C:\Users\moher\AppData\Local\BraveSoftware\Brave-Browser\User Data\Profile 10\Cache
C:\Users\moher\AppData\Local\BraveSoftware\Brave-Browser\User Data\Profile 10\File System
C:\Users\moher\AppData\Local\BraveSoftware\Brave-Browser\User Data\Profile 10\IndexedDB
C:\Users\moher\AppData\Local\BraveSoftware\Brave-Browser\User Data\Profile 10\Code Cache
C:\Users\moher\AppData\Local\BraveSoftware\Brave-Browser\User Data\Profile 10\Service Worker
C:\Users\moher\AppData\Local\BraveSoftware\Brave-Browser\User Data\Profile 10\blob_storage
C:\Users\moher\AppData\Local\BraveSoftware\Brave-Browser\User Data\Profile 11\Cache
C:\Users\moher\AppData\Local\BraveSoftware\Brave-Browser\User Data\Profile 11\IndexedDB
C:\Users\moher\AppData\Local\BraveSoftware\Brave-Browser\User Data\Profile 11\Code Cache
C:\Users\moher\AppData\Local\BraveSoftware\Brave-Browser\User Data\Profile 11\Service Worker
C:\Users\moher\AppData\Local\BraveSoftware\Brave-Browser\User Data\Profile 11\blob_storage
C:\Users\moher\AppData\Local\BraveSoftware\Brave-Browser\User Data\Profile 12\Cache
C:\Users\moher\AppData\Local\BraveSoftware\Brave-Browser\User Data\Profile 12\File System
C:\Users\moher\AppData\Local\BraveSoftware\Brave-Browser\User Data\Profile 12\IndexedDB
C:\Users\moher\AppData\Local\BraveSoftware\Brave-Browser\User Data\Profile 12\Code Cache
C:\Users\moher\AppData\Local\BraveSoftware\Brave-Browser\User Data\Profile 12\Service Worker
C:\Users\moher\AppData\Local\BraveSoftware\Brave-Browser\User Data\Profile 12\blob_storage
C:\Users\moher\AppData\Local\BraveSoftware\Brave-Browser\User Data\Profile 13\Cache
C:\Users\moher\AppData\Local\BraveSoftware\Brave-Browser\User Data\Profile 13\File System
C:\Users\moher\AppData\Local\BraveSoftware\Brave-Browser\User Data\Profile 13\IndexedDB
C:\Users\moher\AppData\Local\BraveSoftware\Brave-Browser\User Data\Profile 13\Code Cache
C:\Users\moher\AppData\Local\BraveSoftware\Brave-Browser\User Data\Profile 13\Service Worker
C:\Users\moher\AppData\Local\BraveSoftware\Brave-Browser\User Data\Profile 13\blob_storage
C:\Users\moher\AppData\Local\BraveSoftware\Brave-Browser\User Data\Profile 15\Cache
C:\Users\moher\AppData\Local\BraveSoftware\Brave-Browser\User Data\Profile 15\IndexedDB
C:\Users\moher\AppData\Local\BraveSoftware\Brave-Browser\User Data\Profile 15\Code Cache
C:\Users\moher\AppData\Local\BraveSoftware\Brave-Browser\User Data\Profile 15\Service Worker
C:\Users\moher\AppData\Local\BraveSoftware\Brave-Browser\User Data\Profile 15\blob_storage
C:\Users\moher\AppData\Local\BraveSoftware\Brave-Browser\User Data\Profile 2\Cache
C:\Users\moher\AppData\Local\BraveSoftware\Brave-Browser\User Data\Profile 2\File System
C:\Users\moher\AppData\Local\BraveSoftware\Brave-Browser\User Data\Profile 2\IndexedDB
C:\Users\moher\AppData\Local\BraveSoftware\Brave-Browser\User Data\Profile 2\Code Cache
C:\Users\moher\AppData\Local\BraveSoftware\Brave-Browser\User Data\Profile 2\Service Worker
C:\Users\moher\AppData\Local\BraveSoftware\Brave-Browser\User Data\Profile 2\blob_storage
C:\Users\moher\AppData\Local\BraveSoftware\Brave-Browser\User Data\Profile 3\Cache
C:\Users\moher\AppData\Local\BraveSoftware\Brave-Browser\User Data\Profile 3\File System
C:\Users\moher\AppData\Local\BraveSoftware\Brave-Browser\User Data\Profile 3\IndexedDB
C:\Users\moher\AppData\Local\BraveSoftware\Brave-Browser\User Data\Profile 3\Code Cache
C:\Users\moher\AppData\Local\BraveSoftware\Brave-Browser\User Data\Profile 3\Service Worker
C:\Users\moher\AppData\Local\BraveSoftware\Brave-Browser\User Data\Profile 3\blob_storage
C:\Users\moher\AppData\Local\BraveSoftware\Brave-Browser\User Data\Profile 4\Cache
C:\Users\moher\AppData\Local\BraveSoftware\Brave-Browser\User Data\Profile 4\File System
C:\Users\moher\AppData\Local\BraveSoftware\Brave-Browser\User Data\Profile 4\IndexedDB
C:\Users\moher\AppData\Local\BraveSoftware\Brave-Browser\User Data\Profile 4\Code Cache
C:\Users\moher\AppData\Local\BraveSoftware\Brave-Browser\User Data\Profile 4\Service Worker
C:\Users\moher\AppData\Local\BraveSoftware\Brave-Browser\User Data\Profile 4\blob_storage
C:\Users\moher\AppData\Local\BraveSoftware\Brave-Browser\User Data\Profile 5\Cache
C:\Users\moher\AppData\Local\BraveSoftware\Brave-Browser\User Data\Profile 5\File System
C:\Users\moher\AppData\Local\BraveSoftware\Brave-Browser\User Data\Profile 5\IndexedDB
C:\Users\moher\AppData\Local\BraveSoftware\Brave-Browser\User Data\Profile 5\Code Cache
C:\Users\moher\AppData\Local\BraveSoftware\Brave-Browser\User Data\Profile 5\Service Worker
C:\Users\moher\AppData\Local\BraveSoftware\Brave-Browser\User Data\Profile 5\blob_storage
C:\Users\moher\AppData\Local\BraveSoftware\Brave-Browser\User Data\Profile 7\Cache
C:\Users\moher\AppData\Local\BraveSoftware\Brave-Browser\User Data\Profile 7\File System
C:\Users\moher\AppData\Local\BraveSoftware\Brave-Browser\User Data\Profile 7\IndexedDB
C:\Users\moher\AppData\Local\BraveSoftware\Brave-Browser\User Data\Profile 7\Code Cache
C:\Users\moher\AppData\Local\BraveSoftware\Brave-Browser\User Data\Profile 7\Service Worker
C:\Users\moher\AppData\Local\BraveSoftware\Brave-Browser\User Data\Profile 7\blob_storage
C:\Users\moher\AppData\Local\BraveSoftware\Brave-Browser\User Data\Profile 8\Cache
C:\Users\moher\AppData\Local\BraveSoftware\Brave-Browser\User Data\Profile 8\IndexedDB
C:\Users\moher\AppData\Local\BraveSoftware\Brave-Browser\User Data\Profile 8\Code Cache
C:\Users\moher\AppData\Local\BraveSoftware\Brave-Browser\User Data\Profile 8\Service Worker
C:\Users\moher\AppData\Local\BraveSoftware\Brave-Browser\User Data\Profile 8\blob_storage
C:\Users\moher\AppData\Local\BraveSoftware\Brave-Browser\User Data\Profile 9\Cache
C:\Users\moher\AppData\Local\BraveSoftware\Brave-Browser\User Data\Profile 9\IndexedDB
C:\Users\moher\AppData\Local\BraveSoftware\Brave-Browser\User Data\Profile 9\Code Cache
C:\Users\moher\AppData\Local\BraveSoftware\Brave-Browser\User Data\Profile 9\Service Worker
C:\Users\moher\AppData\Local\BraveSoftware\Brave-Browser\User Data\Profile 9\blob_storage


Program: Discord - Folders: 3 - Profiles: 0
--------------------------------------------------
C:\Users\moher\AppData\Roaming\discord\Cache
C:\Users\moher\AppData\Roaming\discord\Code Cache
C:\Users\moher\AppData\Roaming\discord\GPU_Cache


Program: Telegram - Folders: 5 - Profiles: 0
--------------------------------------------------
C:\Users\moher\AppData\Roaming\Telegram Desktop\tupdates
C:\Users\moher\AppData\Roaming\Telegram Desktop\tdata\dumps
C:\Users\moher\AppData\Roaming\Telegram Desktop\tdata\emoji
C:\Users\moher\AppData\Roaming\Telegram Desktop\tdata\temp
C:\Users\moher\AppData\Roaming\Telegram Desktop\tdata\user_data


Program: VS-Code - Folders: 11 - Profiles: 0
--------------------------------------------------
C:\Users\moher\AppData\Roaming\Code\Cache
C:\Users\moher\AppData\Roaming\Code\Code Cache
C:\Users\moher\AppData\Roaming\Code\Service Worker
C:\Users\moher\AppData\Roaming\Code\blob_storage
C:\Users\moher\AppData\Roaming\Code\CachedData
C:\Users\moher\AppData\Roaming\Code\DawnCache
C:\Users\moher\AppData\Roaming\Code\DawnGraphiteCache
C:\Users\moher\AppData\Roaming\Code\DawnWebGPUCache
C:\Users\moher\AppData\Roaming\Code\CachedExtensionVSIXs
C:\Users\moher\AppData\Roaming\Code\Service Worker
C:\Users\moher\AppData\Roaming\Code\Backups


