 - [!] Error deleting C:\Windows\Prefetch\PfPre_e61901ab.mkd -> [WinError 5] Acceso denegado: 'C:\\Windows\\Prefetch\\PfPre_e61901ab.mkd'
Current Files [0] - Current Folders [0] - Current MB [0.0]
Total Files [0] - Total Folders [0] - Total MB [0.0]



 - [!] Error deleting C:\Users\moher\AppData\Local\Temp\18506652-e94c-4142-8d96-d5b1ef8e71e1 -> [WinError 32] El proceso no tiene acceso al archivo porque está siendo utilizado por otro proceso: 'C:\\Users\\moher\\AppData\\Local\\Temp\\18506652-e94c-4142-8d96-d5b1ef8e71e1\\codeium\\manager\\locks\\child_lock_1768393237590352200_3286599256151296803'
Current Files [0] - Current Folders [1] - Current MB [0.0]
Total Files [0] - Total Folders [0] - Total MB [0.0]



 - [0.00 Mb] Deleted Folder: C:\Users\moher\AppData\Local\Temp\gen_py
Current Files [0] - Current Folders [1] - Current MB [0.0]
Total Files [0] - Total Folders [0] - Total MB [0.0]



 - [!] Error deleting C:\Users\moher\AppData\Local\Microsoft\Windows\Explorer\iconcache_16.db -> [WinError 5] Acceso denegado: 'C:\\Users\\moher\\AppData\\Local\\Microsoft\\Windows\\Explorer\\iconcache_16.db'
Current Files [0] - Current Folders [0] - Current MB [0.0]
Total Files [0] - Total Folders [1] - Total MB [0.0]



 - [!] Error deleting C:\Users\moher\AppData\Local\Microsoft\Windows\Explorer\iconcache_32.db -> [WinError 5] Acceso denegado: 'C:\\Users\\moher\\AppData\\Local\\Microsoft\\Windows\\Explorer\\iconcache_32.db'
Current Files [0] - Current Folders [0] - Current MB [0.0]
Total Files [0] - Total Folders [1] - Total MB [0.0]



 - [!] Error deleting C:\Users\moher\AppData\Local\Microsoft\Edge\User Data\Default\Cache\Cache_Data -> [WinError 5] Acceso denegado: 'C:\\Users\\moher\\AppData\\Local\\Microsoft\\Edge\\User Data\\Default\\Cache\\Cache_Data\\data_0'
Current Files [0] - Current Folders [0] - Current MB [0.0]
Total Files [0] - Total Folders [1] - Total MB [0.0]



 - [!] Error deleting C:\Users\moher\AppData\Local\Microsoft\Edge\User Data\Default\Cache\No_Vary_Search -> [WinError 32] El proceso no tiene acceso al archivo porque está siendo utilizado por otro proceso: 'C:\\Users\\moher\\AppData\\Local\\Microsoft\\Edge\\User Data\\Default\\Cache\\No_Vary_Search\\journal.baj'
Current Files [0] - Current Folders [0] - Current MB [0.0]
Total Files [0] - Total Folders [1] - Total MB [0.0]



 - [!] Error deleting C:\Users\moher\AppData\Local\Microsoft\Edge\User Data\Default\Service Worker\Database -> [WinError 32] El proceso no tiene acceso al archivo porque está siendo utilizado por otro proceso: 'C:\\Users\\moher\\AppData\\Local\\Microsoft\\Edge\\User Data\\Default\\Service Worker\\Database\\000003.log'
Current Files [0] - Current Folders [0] - Current MB [0.0]
Total Files [0] - Total Folders [1] - Total MB [0.0]



 - [!] Error deleting C:\Users\moher\AppData\Local\BraveSoftware\Brave-Browser\User Data\Profile 4\Cache\Cache_Data -> [WinError 5] Acceso denegado: 'C:\\Users\\moher\\AppData\\Local\\BraveSoftware\\Brave-Browser\\User Data\\Profile 4\\Cache\\Cache_Data\\data_0'
Current Files [0] - Current Folders [0] - Current MB [0.0]
Total Files [0] - Total Folders [1] - Total MB [0.0]



 - [!] Error deleting C:\Users\moher\AppData\Local\BraveSoftware\Brave-Browser\User Data\Profile 4\IndexedDB\https_calendar.google.com_0.indexeddb.leveldb -> [WinError 32] El proceso no tiene acceso al archivo porque está siendo utilizado por otro proceso: 'C:\\Users\\moher\\AppData\\Local\\BraveSoftware\\Brave-Browser\\User Data\\Profile 4\\IndexedDB\\https_calendar.google.com_0.indexeddb.leveldb\\000004.log'
Current Files [0] - Current Folders [0] - Current MB [0.0]
Total Files [0] - Total Folders [1] - Total MB [0.0]



 - [!] Error deleting C:\Users\moher\AppData\Local\BraveSoftware\Brave-Browser\User Data\Profile 4\IndexedDB\https_docs.google.com_0.indexeddb.leveldb -> [WinError 32] El proceso no tiene acceso al archivo porque está siendo utilizado por otro proceso: 'C:\\Users\\moher\\AppData\\Local\\BraveSoftware\\Brave-Browser\\User Data\\Profile 4\\IndexedDB\\https_docs.google.com_0.indexeddb.leveldb\\000003.log'
Current Files [0] - Current Folders [0] - Current MB [0.0]
Total Files [0] - Total Folders [1] - Total MB [0.0]



 - [!] Error deleting C:\Users\moher\AppData\Local\BraveSoftware\Brave-Browser\User Data\Profile 4\IndexedDB\https_drive.google.com_0.indexeddb.leveldb -> [WinError 32] El proceso no tiene acceso al archivo porque está siendo utilizado por otro proceso: 'C:\\Users\\moher\\AppData\\Local\\BraveSoftware\\Brave-Browser\\User Data\\Profile 4\\IndexedDB\\https_drive.google.com_0.indexeddb.leveldb\\000003.log'
Current Files [0] - Current Folders [0] - Current MB [0.0]
Total Files [0] - Total Folders [1] - Total MB [0.0]



 - [!] Error deleting C:\Users\moher\AppData\Local\BraveSoftware\Brave-Browser\User Data\Profile 4\IndexedDB\https_www.youtube.com_0.indexeddb.leveldb -> [WinError 32] El proceso no tiene acceso al archivo porque está siendo utilizado por otro proceso: 'C:\\Users\\moher\\AppData\\Local\\BraveSoftware\\Brave-Browser\\User Data\\Profile 4\\IndexedDB\\https_www.youtube.com_0.indexeddb.leveldb\\000003.log'
Current Files [0] - Current Folders [0] - Current MB [0.0]
Total Files [0] - Total Folders [1] - Total MB [0.0]



 - [!] Error deleting C:\Users\moher\AppData\Local\BraveSoftware\Brave-Browser\User Data\Profile 4\Service Worker\Database -> [WinError 32] El proceso no tiene acceso al archivo porque está siendo utilizado por otro proceso: 'C:\\Users\\moher\\AppData\\Local\\BraveSoftware\\Brave-Browser\\User Data\\Profile 4\\Service Worker\\Database\\000003.log'
Current Files [0] - Current Folders [0] - Current MB [0.0]
Total Files [0] - Total Folders [1] - Total MB [0.0]



 - [!] Error deleting C:\Users\moher\AppData\Roaming\discord\Cache\Cache_Data -> [WinError 5] Acceso denegado: 'C:\\Users\\moher\\AppData\\Roaming\\discord\\Cache\\Cache_Data\\data_0'
Current Files [0] - Current Folders [0] - Current MB [0.0]
Total Files [0] - Total Folders [1] - Total MB [0.0]



 - [!] Error deleting C:\Users\moher\AppData\Roaming\Code\Cache\Cache_Data -> [WinError 5] Acceso denegado: 'C:\\Users\\moher\\AppData\\Roaming\\Code\\Cache\\Cache_Data\\data_0'
Current Files [0] - Current Folders [0] - Current MB [0.0]
Total Files [0] - Total Folders [1] - Total MB [0.0]



 - [!] Error deleting C:\Users\moher\AppData\Roaming\Code\Cache\No_Vary_Search -> [WinError 32] El proceso no tiene acceso al archivo porque está siendo utilizado por otro proceso: 'C:\\Users\\moher\\AppData\\Roaming\\Code\\Cache\\No_Vary_Search\\journal.baj'
Current Files [0] - Current Folders [0] - Current MB [0.0]
Total Files [0] - Total Folders [1] - Total MB [0.0]



 - [!] Error deleting C:\Users\moher\AppData\Roaming\Code\Service Worker\Database -> [WinError 32] El proceso no tiene acceso al archivo porque está siendo utilizado por otro proceso: 'C:\\Users\\moher\\AppData\\Roaming\\Code\\Service Worker\\Database\\000003.log'
Current Files [0] - Current Folders [0] - Current MB [0.0]
Total Files [0] - Total Folders [1] - Total MB [0.0]



 - [!] Error deleting C:\Users\moher\AppData\Roaming\Code\Service Worker\Database -> [WinError 32] El proceso no tiene acceso al archivo porque está siendo utilizado por otro proceso: 'C:\\Users\\moher\\AppData\\Roaming\\Code\\Service Worker\\Database\\000003.log'
Current Files [0] - Current Folders [0] - Current MB [0.0]
Total Files [0] - Total Folders [1] - Total MB [0.0]



 - [!] Error deleting C:\Users\moher\AppData\Local\Packages\5319275A.WhatsAppDesktop_cv1g1gvanyjgm\LocalCache\EBWebView\Default\Cache\Cache_Data -> [WinError 5] Acceso denegado: 'C:\\Users\\moher\\AppData\\Local\\Packages\\5319275A.WhatsAppDesktop_cv1g1gvanyjgm\\LocalCache\\EBWebView\\Default\\Cache\\Cache_Data\\data_0'
Current Files [0] - Current Folders [0] - Current MB [0.0]
Total Files [0] - Total Folders [1] - Total MB [0.0]



 - [!] Error deleting C:\Users\moher\AppData\Local\Packages\5319275A.WhatsAppDesktop_cv1g1gvanyjgm\LocalCache\EBWebView\Default\Cache\No_Vary_Search -> [WinError 32] El proceso no tiene acceso al archivo porque está siendo utilizado por otro proceso: 'C:\\Users\\moher\\AppData\\Local\\Packages\\5319275A.WhatsAppDesktop_cv1g1gvanyjgm\\LocalCache\\EBWebView\\Default\\Cache\\No_Vary_Search\\journal.baj'
Current Files [0] - Current Folders [0] - Current MB [0.0]
Total Files [0] - Total Folders [1] - Total MB [0.0]



 - [!] Error deleting C:\Users\moher\AppData\Local\Packages\5319275A.WhatsAppDesktop_cv1g1gvanyjgm\LocalCache\EBWebView\Default\IndexedDB\https_web.whatsapp.com_0.indexeddb.leveldb -> [WinError 32] El proceso no tiene acceso al archivo porque está siendo utilizado por otro proceso: 'C:\\Users\\moher\\AppData\\Local\\Packages\\5319275A.WhatsAppDesktop_cv1g1gvanyjgm\\LocalCache\\EBWebView\\Default\\IndexedDB\\https_web.whatsapp.com_0.indexeddb.leveldb\\008863.ldb'
Current Files [0] - Current Folders [0] - Current MB [0.0]
Total Files [0] - Total Folders [1] - Total MB [0.0]



 - [!] Error deleting C:\Users\moher\AppData\Local\Packages\5319275A.WhatsAppDesktop_cv1g1gvanyjgm\LocalCache\EBWebView\Default\Service Worker\Database -> [WinError 32] El proceso no tiene acceso al archivo porque está siendo utilizado por otro proceso: 'C:\\Users\\moher\\AppData\\Local\\Packages\\5319275A.WhatsAppDesktop_cv1g1gvanyjgm\\LocalCache\\EBWebView\\Default\\Service Worker\\Database\\000004.log'
Current Files [0] - Current Folders [0] - Current MB [0.0]
Total Files [0] - Total Folders [1] - Total MB [0.0]



